mode: set
github.com/darcops/receipt-proccessor-challenge/internal/infra/api/receipt/controller.go:15.82,19.2 1 1
github.com/darcops/receipt-proccessor-challenge/internal/infra/api/receipt/controller.go:21.60,24.51 2 1
github.com/darcops/receipt-proccessor-challenge/internal/infra/api/receipt/controller.go:24.51,27.3 2 0
github.com/darcops/receipt-proccessor-challenge/internal/infra/api/receipt/controller.go:29.2,32.47 3 1
github.com/darcops/receipt-proccessor-challenge/internal/infra/api/receipt/controller.go:35.63,39.9 3 1
github.com/darcops/receipt-proccessor-challenge/internal/infra/api/receipt/controller.go:39.9,42.3 2 0
github.com/darcops/receipt-proccessor-challenge/internal/infra/api/receipt/controller.go:45.2,45.39 1 1
github.com/darcops/receipt-proccessor-challenge/internal/infra/api/receipt/controller.go:45.39,48.3 2 0
github.com/darcops/receipt-proccessor-challenge/internal/infra/api/receipt/controller.go:50.2,51.16 2 1
github.com/darcops/receipt-proccessor-challenge/internal/infra/api/receipt/controller.go:51.16,54.3 2 0
github.com/darcops/receipt-proccessor-challenge/internal/infra/api/receipt/controller.go:57.2,59.48 2 1
github.com/darcops/receipt-proccessor-challenge/internal/infra/api/receipt/routes.go:13.82,21.2 5 0
github.com/darcops/receipt-proccessor-challenge/internal/pkg/service/receipt/service.go:47.42,49.2 1 1
github.com/darcops/receipt-proccessor-challenge/internal/pkg/service/receipt/service.go:52.71,54.2 1 0
github.com/darcops/receipt-proccessor-challenge/internal/pkg/service/receipt/service.go:57.104,59.25 1 1
github.com/darcops/receipt-proccessor-challenge/internal/pkg/service/receipt/service.go:59.25,59.86 1 1
github.com/darcops/receipt-proccessor-challenge/internal/pkg/service/receipt/service.go:60.25,60.78 1 1
github.com/darcops/receipt-proccessor-challenge/internal/pkg/service/receipt/service.go:61.25,61.79 1 1
github.com/darcops/receipt-proccessor-challenge/internal/pkg/service/receipt/service.go:62.25,62.81 1 1
github.com/darcops/receipt-proccessor-challenge/internal/pkg/service/receipt/service.go:63.25,63.88 1 1
github.com/darcops/receipt-proccessor-challenge/internal/pkg/service/receipt/service.go:64.25,64.85 1 1
github.com/darcops/receipt-proccessor-challenge/internal/pkg/service/receipt/service.go:65.25,65.85 1 1
github.com/darcops/receipt-proccessor-challenge/internal/pkg/service/receipt/service.go:68.2,72.41 3 1
github.com/darcops/receipt-proccessor-challenge/internal/pkg/service/receipt/service.go:72.41,74.28 2 1
github.com/darcops/receipt-proccessor-challenge/internal/pkg/service/receipt/service.go:74.28,76.18 2 1
github.com/darcops/receipt-proccessor-challenge/internal/pkg/service/receipt/service.go:76.18,78.5 1 0
github.com/darcops/receipt-proccessor-challenge/internal/pkg/service/receipt/service.go:79.4,80.14 2 1
github.com/darcops/receipt-proccessor-challenge/internal/pkg/service/receipt/service.go:84.2,84.40 1 1
github.com/darcops/receipt-proccessor-challenge/internal/pkg/service/receipt/service.go:84.40,86.3 1 0
github.com/darcops/receipt-proccessor-challenge/internal/pkg/service/receipt/service.go:89.2,90.39 2 1
github.com/darcops/receipt-proccessor-challenge/internal/pkg/service/receipt/service.go:90.39,92.3 1 1
github.com/darcops/receipt-proccessor-challenge/internal/pkg/service/receipt/service.go:94.2,94.25 1 1
github.com/darcops/receipt-proccessor-challenge/internal/pkg/service/receipt/service.go:97.75,100.37 2 1
github.com/darcops/receipt-proccessor-challenge/internal/pkg/service/receipt/service.go:100.37,101.81 1 1
github.com/darcops/receipt-proccessor-challenge/internal/pkg/service/receipt/service.go:101.81,103.4 1 1
github.com/darcops/receipt-proccessor-challenge/internal/pkg/service/receipt/service.go:106.2,106.15 1 1
github.com/darcops/receipt-proccessor-challenge/internal/pkg/service/receipt/service.go:109.81,111.16 2 1
github.com/darcops/receipt-proccessor-challenge/internal/pkg/service/receipt/service.go:111.16,114.3 2 1
github.com/darcops/receipt-proccessor-challenge/internal/pkg/service/receipt/service.go:116.2,116.45 1 1
github.com/darcops/receipt-proccessor-challenge/internal/pkg/service/receipt/service.go:116.45,118.3 1 1
github.com/darcops/receipt-proccessor-challenge/internal/pkg/service/receipt/service.go:120.2,120.15 1 1
github.com/darcops/receipt-proccessor-challenge/internal/pkg/service/receipt/service.go:123.82,125.16 2 1
github.com/darcops/receipt-proccessor-challenge/internal/pkg/service/receipt/service.go:125.16,127.3 1 1
github.com/darcops/receipt-proccessor-challenge/internal/pkg/service/receipt/service.go:129.2,129.74 1 1
github.com/darcops/receipt-proccessor-challenge/internal/pkg/service/receipt/service.go:129.74,131.3 1 1
github.com/darcops/receipt-proccessor-challenge/internal/pkg/service/receipt/service.go:133.2,133.15 1 1
github.com/darcops/receipt-proccessor-challenge/internal/pkg/service/receipt/service.go:136.77,138.2 1 1
github.com/darcops/receipt-proccessor-challenge/internal/pkg/service/receipt/service.go:140.84,143.34 2 1
github.com/darcops/receipt-proccessor-challenge/internal/pkg/service/receipt/service.go:143.34,146.54 2 1
github.com/darcops/receipt-proccessor-challenge/internal/pkg/service/receipt/service.go:146.54,151.4 4 1
github.com/darcops/receipt-proccessor-challenge/internal/pkg/service/receipt/service.go:154.2,154.15 1 1
github.com/darcops/receipt-proccessor-challenge/internal/pkg/service/receipt/service.go:157.88,158.69 1 1
github.com/darcops/receipt-proccessor-challenge/internal/pkg/service/receipt/service.go:158.69,160.3 1 1
github.com/darcops/receipt-proccessor-challenge/internal/pkg/service/receipt/service.go:162.2,162.29 1 1
github.com/darcops/receipt-proccessor-challenge/internal/pkg/service/receipt/service.go:165.88,173.34 3 1
github.com/darcops/receipt-proccessor-challenge/internal/pkg/service/receipt/service.go:173.34,175.3 1 1
github.com/darcops/receipt-proccessor-challenge/internal/pkg/service/receipt/service.go:177.2,177.44 1 1
github.com/darcops/receipt-proccessor-challenge/util/date.go:11.86,13.16 2 1
github.com/darcops/receipt-proccessor-challenge/util/date.go:13.16,15.3 1 1
github.com/darcops/receipt-proccessor-challenge/util/date.go:17.2,39.85 3 1
github.com/darcops/receipt-proccessor-challenge/util/date.go:43.42,45.16 2 1
github.com/darcops/receipt-proccessor-challenge/util/date.go:45.16,47.3 1 1
github.com/darcops/receipt-proccessor-challenge/util/date.go:49.2,51.24 2 1
